# JRE version: OpenJDK Runtime Environment (11.0.7+10) (build 11.0.7+10-post-Ubuntu-2ubuntu218.04)
# Java VM: OpenJDK 64-Bit Server VM (11.0.7+10-post-Ubuntu-2ubuntu218.04, mixed mode, sharing, tiered, compressed oops, serial gc, linux-amd64)
Heap:
 def new generation   total 762176K, used 0K [0x0000000740000000, 0x0000000773b00000, 0x0000000780000000)
  eden space 677504K,   0% used [0x0000000740000000, 0x0000000740000000, 0x00000007695a0000)
  from space 84672K,   0% used [0x000000076e850000, 0x000000076e850000, 0x0000000773b00000)
  to   space 84672K,   0% used [0x00000007695a0000, 0x00000007695a0000, 0x000000076e850000)
 tenured generation   total 1698988K, used 1080736K [0x0000000780000000, 0x00000007e7b2b000, 0x0000000800000000)
   the space 1698988K,  63% used [0x0000000780000000, 0x00000007c1f681a0, 0x00000007c1f68200, 0x00000007e7b2b000)
 Metaspace       used 68698K, capacity 72457K, committed 72784K, reserved 1112064K
  class space    used 8464K, capacity 10146K, committed 10240K, reserved 1048576K
GC Heap History (20 events):
Event: 257831.531 GC heap after
{Heap after GC invocations=34766 (full 73):
 def new generation   total 762176K, used 42654K [0x0000000740000000, 0x0000000773b00000, 0x0000000780000000)
  eden space 677504K,   0% used [0x0000000740000000, 0x0000000740000000, 0x00000007695a0000)
  from space 84672K,  50% used [0x000000076e850000, 0x00000007711f7978, 0x0000000773b00000)
  to   space 84672K,   0% used [0x00000007695a0000, 0x00000007695a0000, 0x000000076e850000)
 tenured generation   total 1693612K, used 1661557K [0x0000000780000000, 0x00000007e75eb000, 0x0000000800000000)
   the space 1693612K,  98% used [0x0000000780000000, 0x00000007e569d4b8, 0x00000007e569d600, 0x00000007e75eb000)
 Metaspace       used 68698K, capacity 72457K, committed 72784K, reserved 1112064K
  class space    used 8464K, capacity 10146K, committed 10240K, reserved 1048576K
}
Event: 257834.237 GC heap before
{Heap before GC invocations=34766 (full 73):
 def new generation   total 762176K, used 720158K [0x0000000740000000, 0x0000000773b00000, 0x0000000780000000)
  eden space 677504K, 100% used [0x0000000740000000, 0x00000007695a0000, 0x00000007695a0000)
  from space 84672K,  50% used [0x000000076e850000, 0x00000007711f7978, 0x0000000773b00000)
  to   space 84672K,   0% used [0x00000007695a0000, 0x00000007695a0000, 0x000000076e850000)
 tenured generation   total 1693612K, used 1661557K [0x0000000780000000, 0x00000007e75eb000, 0x0000000800000000)
   the space 1693612K,  98% used [0x0000000780000000, 0x00000007e569d4b8, 0x00000007e569d600, 0x00000007e75eb000)
 Metaspace       used 68698K, capacity 72457K, committed 72784K, reserved 1112064K
  class space    used 8464K, capacity 10146K, committed 10240K, reserved 1048576K
}
Event: 257834.289 GC heap after
{Heap after GC invocations=34767 (full 73):
 def new generation   total 762176K, used 42142K [0x0000000740000000, 0x0000000773b00000, 0x0000000780000000)
  eden space 677504K,   0% used [0x0000000740000000, 0x0000000740000000, 0x00000007695a0000)
  from space 84672K,  49% used [0x00000007695a0000, 0x000000076bec7b50, 0x000000076e850000)
  to   space 84672K,   0% used [0x000000076e850000, 0x000000076e850000, 0x0000000773b00000)
 tenured generation   total 1693612K, used 1664613K [0x0000000780000000, 0x00000007e75eb000, 0x0000000800000000)
   the space 1693612K,  98% used [0x0000000780000000, 0x00000007e5999528, 0x00000007e5999600, 0x00000007e75eb000)
 Metaspace       used 68698K, capacity 72457K, committed 72784K, reserved 1112064K
  class space    used 8464K, capacity 10146K, committed 10240K, reserved 1048576K
}
Event: 257836.983 GC heap before
{Heap before GC invocations=34767 (full 73):
 def new generation   total 762176K, used 719646K [0x0000000740000000, 0x0000000773b00000, 0x0000000780000000)
  eden space 677504K, 100% used [0x0000000740000000, 0x00000007695a0000, 0x00000007695a0000)
  from space 84672K,  49% used [0x00000007695a0000, 0x000000076bec7b50, 0x000000076e850000)
  to   space 84672K,   0% used [0x000000076e850000, 0x000000076e850000, 0x0000000773b00000)
 tenured generation   total 1693612K, used 1664613K [0x0000000780000000, 0x00000007e75eb000, 0x0000000800000000)
   the space 1693612K,  98% used [0x0000000780000000, 0x00000007e5999528, 0x00000007e5999600, 0x00000007e75eb000)
 Metaspace       used 68698K, capacity 72457K, committed 72784K, reserved 1112064K
  class space    used 8464K, capacity 10146K, committed 10240K, reserved 1048576K
}
Event: 257837.032 GC heap after
{Heap after GC invocations=34768 (full 73):
 def new generation   total 762176K, used 45991K [0x0000000740000000, 0x0000000773b00000, 0x0000000780000000)
  eden space 677504K,   0% used [0x0000000740000000, 0x0000000740000000, 0x00000007695a0000)
  from space 84672K,  54% used [0x000000076e850000, 0x0000000771539d90, 0x0000000773b00000)
  to   space 84672K,   0% used [0x00000007695a0000, 0x00000007695a0000, 0x000000076e850000)
 tenured generation   total 1693612K, used 1664613K [0x0000000780000000, 0x00000007e75eb000, 0x0000000800000000)
   the space 1693612K,  98% used [0x0000000780000000, 0x00000007e5999528, 0x00000007e5999600, 0x00000007e75eb000)
 Metaspace       used 68698K, capacity 72457K, committed 72784K, reserved 1112064K
  class space    used 8464K, capacity 10146K, committed 10240K, reserved 1048576K
}
Event: 257839.949 GC heap before
{Heap before GC invocations=34768 (full 73):
 def new generation   total 762176K, used 723495K [0x0000000740000000, 0x0000000773b00000, 0x0000000780000000)
  eden space 677504K, 100% used [0x0000000740000000, 0x00000007695a0000, 0x00000007695a0000)
  from space 84672K,  54% used [0x000000076e850000, 0x0000000771539d90, 0x0000000773b00000)
  to   space 84672K,   0% used [0x00000007695a0000, 0x00000007695a0000, 0x000000076e850000)
 tenured generation   total 1693612K, used 1664613K [0x0000000780000000, 0x00000007e75eb000, 0x0000000800000000)
   the space 1693612K,  98% used [0x0000000780000000, 0x00000007e5999528, 0x00000007e5999600, 0x00000007e75eb000)
 Metaspace       used 68698K, capacity 72457K, committed 72784K, reserved 1112064K
  class space    used 8464K, capacity 10146K, committed 10240K, reserved 1048576K
}
Event: 257840.006 GC heap after
{Heap after GC invocations=34769 (full 73):
 def new generation   total 762176K, used 43249K [0x0000000740000000, 0x0000000773b00000, 0x0000000780000000)
  eden space 677504K,   0% used [0x0000000740000000, 0x0000000740000000, 0x00000007695a0000)
  from space 84672K,  51% used [0x00000007695a0000, 0x000000076bfdc648, 0x000000076e850000)
  to   space 84672K,   0% used [0x000000076e850000, 0x000000076e850000, 0x0000000773b00000)
 tenured generation   total 1693612K, used 1669640K [0x0000000780000000, 0x00000007e75eb000, 0x0000000800000000)
   the space 1693612K,  98% used [0x0000000780000000, 0x00000007e5e82108, 0x00000007e5e82200, 0x00000007e75eb000)
 Metaspace       used 68698K, capacity 72457K, committed 72784K, reserved 1112064K
  class space    used 8464K, capacity 10146K, committed 10240K, reserved 1048576K
}
Event: 257842.918 GC heap before
{Heap before GC invocations=34769 (full 73):
 def new generation   total 762176K, used 720753K [0x0000000740000000, 0x0000000773b00000, 0x0000000780000000)
  eden space 677504K, 100% used [0x0000000740000000, 0x00000007695a0000, 0x00000007695a0000)
  from space 84672K,  51% used [0x00000007695a0000, 0x000000076bfdc648, 0x000000076e850000)
  to   space 84672K,   0% used [0x000000076e850000, 0x000000076e850000, 0x0000000773b00000)
 tenured generation   total 1693612K, used 1669640K [0x0000000780000000, 0x00000007e75eb000, 0x0000000800000000)
   the space 1693612K,  98% used [0x0000000780000000, 0x00000007e5e82108, 0x00000007e5e82200, 0x00000007e75eb000)
 Metaspace       used 68698K, capacity 72457K, committed 72784K, reserved 1112064K
  class space    used 8464K, capacity 10146K, committed 10240K, reserved 1048576K
}
Event: 257842.969 GC heap after
{Heap after GC invocations=34770 (full 73):
 def new generation   total 762176K, used 43681K [0x0000000740000000, 0x0000000773b00000, 0x0000000780000000)
  eden space 677504K,   0% used [0x0000000740000000, 0x0000000740000000, 0x00000007695a0000)
  from space 84672K,  51% used [0x000000076e850000, 0x00000007712f8748, 0x0000000773b00000)
  to   space 84672K,   0% used [0x00000007695a0000, 0x00000007695a0000, 0x000000076e850000)
 tenured generation   total 1693612K, used 1671897K [0x0000000780000000, 0x00000007e75eb000, 0x0000000800000000)
   the space 1693612K,  98% used [0x0000000780000000, 0x00000007e60b65d8, 0x00000007e60b6600, 0x00000007e75eb000)
 Metaspace       used 68698K, capacity 72457K, committed 72784K, reserved 1112064K
  class space    used 8464K, capacity 10146K, committed 10240K, reserved 1048576K
}
Event: 257845.887 GC heap before
{Heap before GC invocations=34770 (full 73):
 def new generation   total 762176K, used 721185K [0x0000000740000000, 0x0000000773b00000, 0x0000000780000000)
  eden space 677504K, 100% used [0x0000000740000000, 0x00000007695a0000, 0x00000007695a0000)
  from space 84672K,  51% used [0x000000076e850000, 0x00000007712f8748, 0x0000000773b00000)
  to   space 84672K,   0% used [0x00000007695a0000, 0x00000007695a0000, 0x000000076e850000)
 tenured generation   total 1693612K, used 1671897K [0x0000000780000000, 0x00000007e75eb000, 0x0000000800000000)
   the space 1693612K,  98% used [0x0000000780000000, 0x00000007e60b65d8, 0x00000007e60b6600, 0x00000007e75eb000)
 Metaspace       used 68698K, capacity 72457K, committed 72784K, reserved 1112064K
  class space    used 8464K, capacity 10146K, committed 10240K, reserved 1048576K
}
Event: 257845.940 GC heap after
{Heap after GC invocations=34771 (full 73):
 def new generation   total 762176K, used 42433K [0x0000000740000000, 0x0000000773b00000, 0x0000000780000000)
  eden space 677504K,   0% used [0x0000000740000000, 0x0000000740000000, 0x00000007695a0000)
  from space 84672K,  50% used [0x00000007695a0000, 0x000000076bf106f0, 0x000000076e850000)
  to   space 84672K,   0% used [0x000000076e850000, 0x000000076e850000, 0x0000000773b00000)
 tenured generation   total 1693612K, used 1675351K [0x0000000780000000, 0x00000007e75eb000, 0x0000000800000000)
   the space 1693612K,  98% used [0x0000000780000000, 0x00000007e6415e38, 0x00000007e6416000, 0x00000007e75eb000)
 Metaspace       used 68698K, capacity 72457K, committed 72784K, reserved 1112064K
  class space    used 8464K, capacity 10146K, committed 10240K, reserved 1048576K
}
Event: 257848.747 GC heap before
{Heap before GC invocations=34771 (full 73):
 def new generation   total 762176K, used 719937K [0x0000000740000000, 0x0000000773b00000, 0x0000000780000000)
  eden space 677504K, 100% used [0x0000000740000000, 0x00000007695a0000, 0x00000007695a0000)
  from space 84672K,  50% used [0x00000007695a0000, 0x000000076bf106f0, 0x000000076e850000)
  to   space 84672K,   0% used [0x000000076e850000, 0x000000076e850000, 0x0000000773b00000)
 tenured generation   total 1693612K, used 1675351K [0x0000000780000000, 0x00000007e75eb000, 0x0000000800000000)
   the space 1693612K,  98% used [0x0000000780000000, 0x00000007e6415e38, 0x00000007e6416000, 0x00000007e75eb000)
 Metaspace       used 68698K, capacity 72457K, committed 72784K, reserved 1112064K
  class space    used 8464K, capacity 10146K, committed 10240K, reserved 1048576K
}
Event: 257848.797 GC heap after
{Heap after GC invocations=34772 (full 73):
 def new generation   total 762176K, used 42316K [0x0000000740000000, 0x0000000773b00000, 0x0000000780000000)
  eden space 677504K,   0% used [0x0000000740000000, 0x0000000740000000, 0x00000007695a0000)
  from space 84672K,  49% used [0x000000076e850000, 0x00000007711a30b8, 0x0000000773b00000)
  to   space 84672K,   0% used [0x00000007695a0000, 0x00000007695a0000, 0x000000076e850000)
 tenured generation   total 1693612K, used 1678039K [0x0000000780000000, 0x00000007e75eb000, 0x0000000800000000)
   the space 1693612K,  99% used [0x0000000780000000, 0x00000007e66b5f30, 0x00000007e66b6000, 0x00000007e75eb000)
 Metaspace       used 68698K, capacity 72457K, committed 72784K, reserved 1112064K
  class space    used 8464K, capacity 10146K, committed 10240K, reserved 1048576K
}
Event: 257851.592 GC heap before
{Heap before GC invocations=34772 (full 73):
 def new generation   total 762176K, used 719625K [0x0000000740000000, 0x0000000773b00000, 0x0000000780000000)
  eden space 677504K,  99% used [0x0000000740000000, 0x000000076956f510, 0x00000007695a0000)
  from space 84672K,  49% used [0x000000076e850000, 0x00000007711a30b8, 0x0000000773b00000)
  to   space 84672K,   0% used [0x00000007695a0000, 0x00000007695a0000, 0x000000076e850000)
 tenured generation   total 1693612K, used 1678039K [0x0000000780000000, 0x00000007e75eb000, 0x0000000800000000)
   the space 1693612K,  99% used [0x0000000780000000, 0x00000007e66b5f30, 0x00000007e66b6000, 0x00000007e75eb000)
 Metaspace       used 68698K, capacity 72457K, committed 72784K, reserved 1112064K
  class space    used 8464K, capacity 10146K, committed 10240K, reserved 1048576K
}
Event: 257851.639 GC heap after
{Heap after GC invocations=34773 (full 73):
 def new generation   total 762176K, used 45669K [0x0000000740000000, 0x0000000773b00000, 0x0000000780000000)
  eden space 677504K,   0% used [0x0000000740000000, 0x0000000740000000, 0x00000007695a0000)
  from space 84672K,  53% used [0x00000007695a0000, 0x000000076c2396f0, 0x000000076e850000)
  to   space 84672K,   0% used [0x000000076e850000, 0x000000076e850000, 0x0000000773b00000)
 tenured generation   total 1693612K, used 1678039K [0x0000000780000000, 0x00000007e75eb000, 0x0000000800000000)
   the space 1693612K,  99% used [0x0000000780000000, 0x00000007e66b5f30, 0x00000007e66b6000, 0x00000007e75eb000)
 Metaspace       used 68698K, capacity 72457K, committed 72784K, reserved 1112064K
  class space    used 8464K, capacity 10146K, committed 10240K, reserved 1048576K
}
Event: 257854.231 GC heap before
{Heap before GC invocations=34773 (full 73):
 def new generation   total 762176K, used 723173K [0x0000000740000000, 0x0000000773b00000, 0x0000000780000000)
  eden space 677504K, 100% used [0x0000000740000000, 0x00000007695a0000, 0x00000007695a0000)
  from space 84672K,  53% used [0x00000007695a0000, 0x000000076c2396f0, 0x000000076e850000)
  to   space 84672K,   0% used [0x000000076e850000, 0x000000076e850000, 0x0000000773b00000)
 tenured generation   total 1693612K, used 1678039K [0x0000000780000000, 0x00000007e75eb000, 0x0000000800000000)
   the space 1693612K,  99% used [0x0000000780000000, 0x00000007e66b5f30, 0x00000007e66b6000, 0x00000007e75eb000)
 Metaspace       used 68698K, capacity 72457K, committed 72784K, reserved 1112064K
  class space    used 8464K, capacity 10146K, committed 10240K, reserved 1048576K
}
Event: 257854.312 GC heap after
{Heap after GC invocations=34774 (full 73):
 def new generation   total 762176K, used 51754K [0x0000000740000000, 0x0000000773b00000, 0x0000000780000000)
  eden space 677504K,   0% used [0x0000000740000000, 0x0000000740000000, 0x00000007695a0000)
  from space 84672K,  61% used [0x000000076e850000, 0x0000000771adabb0, 0x0000000773b00000)
  to   space 84672K,   0% used [0x00000007695a0000, 0x00000007695a0000, 0x000000076e850000)
 tenured generation   total 1693612K, used 1683193K [0x0000000780000000, 0x00000007e75eb000, 0x0000000800000000)
   the space 1693612K,  99% used [0x0000000780000000, 0x00000007e6bbe4b0, 0x00000007e6bbe600, 0x00000007e75eb000)
 Metaspace       used 68698K, capacity 72457K, committed 72784K, reserved 1112064K
  class space    used 8464K, capacity 10146K, committed 10240K, reserved 1048576K
}
Event: 257857.075 GC heap before
{Heap before GC invocations=34774 (full 73):
 def new generation   total 762176K, used 729258K [0x0000000740000000, 0x0000000773b00000, 0x0000000780000000)
  eden space 677504K, 100% used [0x0000000740000000, 0x00000007695a0000, 0x00000007695a0000)
  from space 84672K,  61% used [0x000000076e850000, 0x0000000771adabb0, 0x0000000773b00000)
  to   space 84672K,   0% used [0x00000007695a0000, 0x00000007695a0000, 0x000000076e850000)
 tenured generation   total 1693612K, used 1683193K [0x0000000780000000, 0x00000007e75eb000, 0x0000000800000000)
   the space 1693612K,  99% used [0x0000000780000000, 0x00000007e6bbe4b0, 0x00000007e6bbe600, 0x00000007e75eb000)
 Metaspace       used 68698K, capacity 72457K, committed 72784K, reserved 1112064K
  class space    used 8464K, capacity 10146K, committed 10240K, reserved 1048576K
}
Event: 257857.147 GC heap after
{Heap after GC invocations=34775 (full 73):
 def new generation   total 762176K, used 46363K [0x0000000740000000, 0x0000000773b00000, 0x0000000780000000)
  eden space 677504K,   0% used [0x0000000740000000, 0x0000000740000000, 0x00000007695a0000)
  from space 84672K,  54% used [0x00000007695a0000, 0x000000076c2e6f70, 0x000000076e850000)
  to   space 84672K,   0% used [0x000000076e850000, 0x000000076e850000, 0x0000000773b00000)
 tenured generation   total 1693612K, used 1693384K [0x0000000780000000, 0x00000007e75eb000, 0x0000000800000000)
   the space 1693612K,  99% used [0x0000000780000000, 0x00000007e75b2288, 0x00000007e75b2400, 0x00000007e75eb000)
 Metaspace       used 68698K, capacity 72457K, committed 72784K, reserved 1112064K
  class space    used 8464K, capacity 10146K, committed 10240K, reserved 1048576K
}
Event: 257859.808 GC heap before
{Heap before GC invocations=34775 (full 73):
 def new generation   total 762176K, used 723867K [0x0000000740000000, 0x0000000773b00000, 0x0000000780000000)
  eden space 677504K, 100% used [0x0000000740000000, 0x00000007695a0000, 0x00000007695a0000)
  from space 84672K,  54% used [0x00000007695a0000, 0x000000076c2e6f70, 0x000000076e850000)
  to   space 84672K,   0% used [0x000000076e850000, 0x000000076e850000, 0x0000000773b00000)
 tenured generation   total 1693612K, used 1693384K [0x0000000780000000, 0x00000007e75eb000, 0x0000000800000000)
   the space 1693612K,  99% used [0x0000000780000000, 0x00000007e75b2288, 0x00000007e75b2400, 0x00000007e75eb000)
 Metaspace       used 68698K, capacity 72457K, committed 72784K, reserved 1112064K
  class space    used 8464K, capacity 10146K, committed 10240K, reserved 1048576K
}

